<?xml version="1.0" encoding="UTF-8"?>
<testng-results ignored="0" total="9" passed="9" failed="0" skipped="0">
  <reporter-output>
  </reporter-output>
  <suite started-at="2024-01-31T03:44:42 GMT" name="VendorPortalSuite" finished-at="2024-01-31T03:45:46 GMT" duration-ms="64728">
    <groups>
    </groups>
    <test started-at="2024-01-31T03:44:42 GMT" name="user-sam" finished-at="2024-01-31T03:45:06 GMT" duration-ms="24023">
      <class name="com.test.VendorPortalTest">
        <test-method is-config="true" signature="setDriver(org.testng.ITestContext)[pri:0, instance:com.test.VendorPortalTest@52815fa3]" started-at="2024-01-31T03:44:42 GMT" name="setDriver" finished-at="2024-01-31T03:44:45 GMT" duration-ms="3715" status="PASS">
          <params>
            <param index="0">
              <value>
                <![CDATA[org.testng.TestRunner@3d90eeb3]]>
              </value>
            </param>
          </params>
          <reporter-output>
          </reporter-output>
        </test-method> <!-- setDriver -->
        <test-method is-config="true" signature="setPageObjects(java.lang.String)[pri:0, instance:com.test.VendorPortalTest@52815fa3]" started-at="2024-01-31T03:44:45 GMT" name="setPageObjects" finished-at="2024-01-31T03:44:46 GMT" duration-ms="194" status="PASS">
          <params>
            <param index="0">
              <value>
                <![CDATA[test-data/sam.json]]>
              </value>
            </param>
          </params>
          <reporter-output>
          </reporter-output>
        </test-method> <!-- setPageObjects -->
        <test-method signature="login()[pri:0, instance:com.test.VendorPortalTest@52815fa3]" started-at="2024-01-31T03:44:46 GMT" name="login" finished-at="2024-01-31T03:44:47 GMT" duration-ms="1186" status="PASS">
          <reporter-output>
          </reporter-output>
        </test-method> <!-- login -->
        <test-method is-config="true" signature="delayToSeeSessions()[pri:0, instance:com.test.VendorPortalTest@52815fa3]" started-at="2024-01-31T03:44:47 GMT" name="delayToSeeSessions" finished-at="2024-01-31T03:44:52 GMT" duration-ms="5001" status="PASS">
          <reporter-output>
          </reporter-output>
        </test-method> <!-- delayToSeeSessions -->
        <test-method signature="dashboardTest()[pri:0, instance:com.test.VendorPortalTest@52815fa3]" started-at="2024-01-31T03:44:52 GMT" name="dashboardTest" finished-at="2024-01-31T03:44:54 GMT" depends-on-methods="com.test.VendorPortalTest.login" duration-ms="2539" status="PASS">
          <reporter-output>
          </reporter-output>
        </test-method> <!-- dashboardTest -->
        <test-method is-config="true" signature="delayToSeeSessions()[pri:0, instance:com.test.VendorPortalTest@52815fa3]" started-at="2024-01-31T03:44:54 GMT" name="delayToSeeSessions" finished-at="2024-01-31T03:44:59 GMT" duration-ms="5000" status="PASS">
          <reporter-output>
          </reporter-output>
        </test-method> <!-- delayToSeeSessions -->
        <test-method signature="logoutTest()[pri:0, instance:com.test.VendorPortalTest@52815fa3]" started-at="2024-01-31T03:44:59 GMT" name="logoutTest" finished-at="2024-01-31T03:45:00 GMT" depends-on-methods="com.test.VendorPortalTest.dashboardTest" duration-ms="1179" status="PASS">
          <reporter-output>
          </reporter-output>
        </test-method> <!-- logoutTest -->
        <test-method is-config="true" signature="delayToSeeSessions()[pri:0, instance:com.test.VendorPortalTest@52815fa3]" started-at="2024-01-31T03:45:00 GMT" name="delayToSeeSessions" finished-at="2024-01-31T03:45:05 GMT" duration-ms="5001" status="PASS">
          <reporter-output>
          </reporter-output>
        </test-method> <!-- delayToSeeSessions -->
        <test-method is-config="true" signature="closeBrowser()[pri:0, instance:com.test.VendorPortalTest@52815fa3]" started-at="2024-01-31T03:45:05 GMT" name="closeBrowser" finished-at="2024-01-31T03:45:06 GMT" duration-ms="164" status="PASS">
          <reporter-output>
          </reporter-output>
        </test-method> <!-- closeBrowser -->
      </class> <!-- com.test.VendorPortalTest -->
    </test> <!-- user-sam -->
    <test started-at="2024-01-31T03:45:06 GMT" name="user-mike" finished-at="2024-01-31T03:45:26 GMT" duration-ms="20334">
      <class name="com.test.VendorPortalTest">
        <test-method is-config="true" signature="setDriver(org.testng.ITestContext)[pri:0, instance:com.test.VendorPortalTest@4167d97b]" started-at="2024-01-31T03:45:06 GMT" name="setDriver" finished-at="2024-01-31T03:45:06 GMT" duration-ms="455" status="PASS">
          <params>
            <param index="0">
              <value>
                <![CDATA[org.testng.TestRunner@1db87583]]>
              </value>
            </param>
          </params>
          <reporter-output>
          </reporter-output>
        </test-method> <!-- setDriver -->
        <test-method is-config="true" signature="setPageObjects(java.lang.String)[pri:0, instance:com.test.VendorPortalTest@4167d97b]" started-at="2024-01-31T03:45:06 GMT" name="setPageObjects" finished-at="2024-01-31T03:45:06 GMT" duration-ms="3" status="PASS">
          <params>
            <param index="0">
              <value>
                <![CDATA[test-data/mike.json]]>
              </value>
            </param>
          </params>
          <reporter-output>
          </reporter-output>
        </test-method> <!-- setPageObjects -->
        <test-method signature="login()[pri:0, instance:com.test.VendorPortalTest@4167d97b]" started-at="2024-01-31T03:45:06 GMT" name="login" finished-at="2024-01-31T03:45:07 GMT" duration-ms="957" status="PASS">
          <reporter-output>
          </reporter-output>
        </test-method> <!-- login -->
        <test-method is-config="true" signature="delayToSeeSessions()[pri:0, instance:com.test.VendorPortalTest@4167d97b]" started-at="2024-01-31T03:45:07 GMT" name="delayToSeeSessions" finished-at="2024-01-31T03:45:12 GMT" duration-ms="5001" status="PASS">
          <reporter-output>
          </reporter-output>
        </test-method> <!-- delayToSeeSessions -->
        <test-method signature="dashboardTest()[pri:0, instance:com.test.VendorPortalTest@4167d97b]" started-at="2024-01-31T03:45:12 GMT" name="dashboardTest" finished-at="2024-01-31T03:45:15 GMT" depends-on-methods="com.test.VendorPortalTest.login" duration-ms="2518" status="PASS">
          <reporter-output>
          </reporter-output>
        </test-method> <!-- dashboardTest -->
        <test-method is-config="true" signature="delayToSeeSessions()[pri:0, instance:com.test.VendorPortalTest@4167d97b]" started-at="2024-01-31T03:45:15 GMT" name="delayToSeeSessions" finished-at="2024-01-31T03:45:20 GMT" duration-ms="5000" status="PASS">
          <reporter-output>
          </reporter-output>
        </test-method> <!-- delayToSeeSessions -->
        <test-method signature="logoutTest()[pri:0, instance:com.test.VendorPortalTest@4167d97b]" started-at="2024-01-31T03:45:20 GMT" name="logoutTest" finished-at="2024-01-31T03:45:21 GMT" depends-on-methods="com.test.VendorPortalTest.dashboardTest" duration-ms="1241" status="PASS">
          <reporter-output>
          </reporter-output>
        </test-method> <!-- logoutTest -->
        <test-method is-config="true" signature="delayToSeeSessions()[pri:0, instance:com.test.VendorPortalTest@4167d97b]" started-at="2024-01-31T03:45:21 GMT" name="delayToSeeSessions" finished-at="2024-01-31T03:45:26 GMT" duration-ms="5000" status="PASS">
          <reporter-output>
          </reporter-output>
        </test-method> <!-- delayToSeeSessions -->
        <test-method is-config="true" signature="closeBrowser()[pri:0, instance:com.test.VendorPortalTest@4167d97b]" started-at="2024-01-31T03:45:26 GMT" name="closeBrowser" finished-at="2024-01-31T03:45:26 GMT" duration-ms="151" status="PASS">
          <reporter-output>
          </reporter-output>
        </test-method> <!-- closeBrowser -->
      </class> <!-- com.test.VendorPortalTest -->
    </test> <!-- user-mike -->
    <test started-at="2024-01-31T03:45:26 GMT" name="user-john" finished-at="2024-01-31T03:45:46 GMT" duration-ms="20305">
      <class name="com.test.VendorPortalTest">
        <test-method is-config="true" signature="setupConfig()[pri:0, instance:com.test.VendorPortalTest@68f1b17f]" started-at="2024-01-31T03:44:42 GMT" name="setupConfig" finished-at="2024-01-31T03:44:42 GMT" duration-ms="16" status="PASS">
          <reporter-output>
          </reporter-output>
        </test-method> <!-- setupConfig -->
        <test-method is-config="true" signature="setDriver(org.testng.ITestContext)[pri:0, instance:com.test.VendorPortalTest@68f1b17f]" started-at="2024-01-31T03:45:26 GMT" name="setDriver" finished-at="2024-01-31T03:45:26 GMT" duration-ms="432" status="PASS">
          <params>
            <param index="0">
              <value>
                <![CDATA[org.testng.TestRunner@7fb53256]]>
              </value>
            </param>
          </params>
          <reporter-output>
          </reporter-output>
        </test-method> <!-- setDriver -->
        <test-method is-config="true" signature="setPageObjects(java.lang.String)[pri:0, instance:com.test.VendorPortalTest@68f1b17f]" started-at="2024-01-31T03:45:26 GMT" name="setPageObjects" finished-at="2024-01-31T03:45:26 GMT" duration-ms="3" status="PASS">
          <params>
            <param index="0">
              <value>
                <![CDATA[test-data/john.json]]>
              </value>
            </param>
          </params>
          <reporter-output>
          </reporter-output>
        </test-method> <!-- setPageObjects -->
        <test-method signature="login()[pri:0, instance:com.test.VendorPortalTest@68f1b17f]" started-at="2024-01-31T03:45:26 GMT" name="login" finished-at="2024-01-31T03:45:27 GMT" duration-ms="1011" status="PASS">
          <reporter-output>
          </reporter-output>
        </test-method> <!-- login -->
        <test-method is-config="true" signature="delayToSeeSessions()[pri:0, instance:com.test.VendorPortalTest@68f1b17f]" started-at="2024-01-31T03:45:27 GMT" name="delayToSeeSessions" finished-at="2024-01-31T03:45:32 GMT" duration-ms="5001" status="PASS">
          <reporter-output>
          </reporter-output>
        </test-method> <!-- delayToSeeSessions -->
        <test-method signature="dashboardTest()[pri:0, instance:com.test.VendorPortalTest@68f1b17f]" started-at="2024-01-31T03:45:32 GMT" name="dashboardTest" finished-at="2024-01-31T03:45:35 GMT" depends-on-methods="com.test.VendorPortalTest.login" duration-ms="2460" status="PASS">
          <reporter-output>
          </reporter-output>
        </test-method> <!-- dashboardTest -->
        <test-method is-config="true" signature="delayToSeeSessions()[pri:0, instance:com.test.VendorPortalTest@68f1b17f]" started-at="2024-01-31T03:45:35 GMT" name="delayToSeeSessions" finished-at="2024-01-31T03:45:40 GMT" duration-ms="5000" status="PASS">
          <reporter-output>
          </reporter-output>
        </test-method> <!-- delayToSeeSessions -->
        <test-method signature="logoutTest()[pri:0, instance:com.test.VendorPortalTest@68f1b17f]" started-at="2024-01-31T03:45:40 GMT" name="logoutTest" finished-at="2024-01-31T03:45:41 GMT" depends-on-methods="com.test.VendorPortalTest.dashboardTest" duration-ms="1302" status="PASS">
          <reporter-output>
          </reporter-output>
        </test-method> <!-- logoutTest -->
        <test-method is-config="true" signature="delayToSeeSessions()[pri:0, instance:com.test.VendorPortalTest@68f1b17f]" started-at="2024-01-31T03:45:41 GMT" name="delayToSeeSessions" finished-at="2024-01-31T03:45:46 GMT" duration-ms="5001" status="PASS">
          <reporter-output>
          </reporter-output>
        </test-method> <!-- delayToSeeSessions -->
        <test-method is-config="true" signature="closeBrowser()[pri:0, instance:com.test.VendorPortalTest@68f1b17f]" started-at="2024-01-31T03:45:46 GMT" name="closeBrowser" finished-at="2024-01-31T03:45:46 GMT" duration-ms="91" status="PASS">
          <reporter-output>
          </reporter-output>
        </test-method> <!-- closeBrowser -->
      </class> <!-- com.test.VendorPortalTest -->
    </test> <!-- user-john -->
  </suite> <!-- VendorPortalSuite -->
</testng-results>
